Determining if the pthread_create exist failed with the following output:
Change Dir: /home/emanuele/ethz_ws/build/planar_structure/CMakeFiles/CMakeTmp

Run Build Command:"/usr/bin/make" "cmTC_ede1c/fast"
/usr/bin/make -f CMakeFiles/cmTC_ede1c.dir/build.make CMakeFiles/cmTC_ede1c.dir/build
make[1]: ingresso nella directory "/home/emanuele/ethz_ws/build/planar_structure/CMakeFiles/CMakeTmp"
Building C object CMakeFiles/cmTC_ede1c.dir/CheckSymbolExists.c.o
/usr/bin/cc     -o CMakeFiles/cmTC_ede1c.dir/CheckSymbolExists.c.o   -c /home/emanuele/ethz_ws/build/planar_structure/CMakeFiles/CMakeTmp/CheckSymbolExists.c
Linking C executable cmTC_ede1c
/usr/bin/cmake -E cmake_link_script CMakeFiles/cmTC_ede1c.dir/link.txt --verbose=1
/usr/bin/cc       CMakeFiles/cmTC_ede1c.dir/CheckSymbolExists.c.o  -o cmTC_ede1c -rdynamic 
CMakeFiles/cmTC_ede1c.dir/CheckSymbolExists.c.o: nella funzione "main":
CheckSymbolExists.c:(.text+0x16): riferimento non definito a "pthread_create"
collect2: error: ld returned 1 exit status
CMakeFiles/cmTC_ede1c.dir/build.make:97: set di istruzioni per l'obiettivo "cmTC_ede1c" non riuscito
make[1]: *** [cmTC_ede1c] Errore 1
make[1]: uscita dalla directory "/home/emanuele/ethz_ws/build/planar_structure/CMakeFiles/CMakeTmp"
Makefile:126: set di istruzioni per l'obiettivo "cmTC_ede1c/fast" non riuscito
make: *** [cmTC_ede1c/fast] Errore 2

File /home/emanuele/ethz_ws/build/planar_structure/CMakeFiles/CMakeTmp/CheckSymbolExists.c:
/* */
#include <pthread.h>

int main(int argc, char** argv)
{
  (void)argv;
#ifndef pthread_create
  return ((int*)(&pthread_create))[argc];
#else
  (void)argc;
  return 0;
#endif
}

Determining if the function pthread_create exists in the pthreads failed with the following output:
Change Dir: /home/emanuele/ethz_ws/build/planar_structure/CMakeFiles/CMakeTmp

Run Build Command:"/usr/bin/make" "cmTC_58f42/fast"
/usr/bin/make -f CMakeFiles/cmTC_58f42.dir/build.make CMakeFiles/cmTC_58f42.dir/build
make[1]: ingresso nella directory "/home/emanuele/ethz_ws/build/planar_structure/CMakeFiles/CMakeTmp"
Building C object CMakeFiles/cmTC_58f42.dir/CheckFunctionExists.c.o
/usr/bin/cc    -DCHECK_FUNCTION_EXISTS=pthread_create   -o CMakeFiles/cmTC_58f42.dir/CheckFunctionExists.c.o   -c /usr/share/cmake-3.5/Modules/CheckFunctionExists.c
Linking C executable cmTC_58f42
/usr/bin/cmake -E cmake_link_script CMakeFiles/cmTC_58f42.dir/link.txt --verbose=1
/usr/bin/cc   -DCHECK_FUNCTION_EXISTS=pthread_create    CMakeFiles/cmTC_58f42.dir/CheckFunctionExists.c.o  -o cmTC_58f42 -rdynamic -lpthreads 
/usr/bin/ld: impossibile trovare -lpthreads
collect2: error: ld returned 1 exit status
CMakeFiles/cmTC_58f42.dir/build.make:97: set di istruzioni per l'obiettivo "cmTC_58f42" non riuscito
make[1]: *** [cmTC_58f42] Errore 1
make[1]: uscita dalla directory "/home/emanuele/ethz_ws/build/planar_structure/CMakeFiles/CMakeTmp"
Makefile:126: set di istruzioni per l'obiettivo "cmTC_58f42/fast" non riuscito
make: *** [cmTC_58f42/fast] Errore 2


