Determining if the pthread_create exist failed with the following output:
Change Dir: /home/emanuele/ethz_ws/build/rotors_comm/CMakeFiles/CMakeTmp

Run Build Command:"/usr/bin/make" "cmTC_8de3d/fast"
/usr/bin/make -f CMakeFiles/cmTC_8de3d.dir/build.make CMakeFiles/cmTC_8de3d.dir/build
make[1]: ingresso nella directory "/home/emanuele/ethz_ws/build/rotors_comm/CMakeFiles/CMakeTmp"
Building C object CMakeFiles/cmTC_8de3d.dir/CheckSymbolExists.c.o
/usr/bin/cc     -o CMakeFiles/cmTC_8de3d.dir/CheckSymbolExists.c.o   -c /home/emanuele/ethz_ws/build/rotors_comm/CMakeFiles/CMakeTmp/CheckSymbolExists.c
Linking C executable cmTC_8de3d
/usr/bin/cmake -E cmake_link_script CMakeFiles/cmTC_8de3d.dir/link.txt --verbose=1
/usr/bin/cc       CMakeFiles/cmTC_8de3d.dir/CheckSymbolExists.c.o  -o cmTC_8de3d -rdynamic 
CMakeFiles/cmTC_8de3d.dir/CheckSymbolExists.c.o: nella funzione "main":
CheckSymbolExists.c:(.text+0x16): riferimento non definito a "pthread_create"
collect2: error: ld returned 1 exit status
CMakeFiles/cmTC_8de3d.dir/build.make:97: set di istruzioni per l'obiettivo "cmTC_8de3d" non riuscito
make[1]: *** [cmTC_8de3d] Errore 1
make[1]: uscita dalla directory "/home/emanuele/ethz_ws/build/rotors_comm/CMakeFiles/CMakeTmp"
Makefile:126: set di istruzioni per l'obiettivo "cmTC_8de3d/fast" non riuscito
make: *** [cmTC_8de3d/fast] Errore 2

File /home/emanuele/ethz_ws/build/rotors_comm/CMakeFiles/CMakeTmp/CheckSymbolExists.c:
/* */
#include <pthread.h>

int main(int argc, char** argv)
{
  (void)argv;
#ifndef pthread_create
  return ((int*)(&pthread_create))[argc];
#else
  (void)argc;
  return 0;
#endif
}

Determining if the function pthread_create exists in the pthreads failed with the following output:
Change Dir: /home/emanuele/ethz_ws/build/rotors_comm/CMakeFiles/CMakeTmp

Run Build Command:"/usr/bin/make" "cmTC_94d7a/fast"
/usr/bin/make -f CMakeFiles/cmTC_94d7a.dir/build.make CMakeFiles/cmTC_94d7a.dir/build
make[1]: ingresso nella directory "/home/emanuele/ethz_ws/build/rotors_comm/CMakeFiles/CMakeTmp"
Building C object CMakeFiles/cmTC_94d7a.dir/CheckFunctionExists.c.o
/usr/bin/cc    -DCHECK_FUNCTION_EXISTS=pthread_create   -o CMakeFiles/cmTC_94d7a.dir/CheckFunctionExists.c.o   -c /usr/share/cmake-3.5/Modules/CheckFunctionExists.c
Linking C executable cmTC_94d7a
/usr/bin/cmake -E cmake_link_script CMakeFiles/cmTC_94d7a.dir/link.txt --verbose=1
/usr/bin/cc   -DCHECK_FUNCTION_EXISTS=pthread_create    CMakeFiles/cmTC_94d7a.dir/CheckFunctionExists.c.o  -o cmTC_94d7a -rdynamic -lpthreads 
/usr/bin/ld: impossibile trovare -lpthreads
collect2: error: ld returned 1 exit status
CMakeFiles/cmTC_94d7a.dir/build.make:97: set di istruzioni per l'obiettivo "cmTC_94d7a" non riuscito
make[1]: *** [cmTC_94d7a] Errore 1
make[1]: uscita dalla directory "/home/emanuele/ethz_ws/build/rotors_comm/CMakeFiles/CMakeTmp"
Makefile:126: set di istruzioni per l'obiettivo "cmTC_94d7a/fast" non riuscito
make: *** [cmTC_94d7a/fast] Errore 2


