Linked: (/home/emanuele/ethz_ws/devel/.private/sensor_fusion_comm/lib/pkgconfig/sensor_fusion_comm.pc, /home/emanuele/ethz_ws/devel/lib/pkgconfig/sensor_fusion_comm.pc)
Linked: (/home/emanuele/ethz_ws/devel/.private/sensor_fusion_comm/lib/python2.7/dist-packages/sensor_fusion_comm/__init__.py, /home/emanuele/ethz_ws/devel/lib/python2.7/dist-packages/sensor_fusion_comm/__init__.py)
Linked: (/home/emanuele/ethz_ws/devel/.private/sensor_fusion_comm/lib/python2.7/dist-packages/sensor_fusion_comm/srv/__init__.py, /home/emanuele/ethz_ws/devel/lib/python2.7/dist-packages/sensor_fusion_comm/srv/__init__.py)
Linked: (/home/emanuele/ethz_ws/devel/.private/sensor_fusion_comm/lib/python2.7/dist-packages/sensor_fusion_comm/srv/_InitHeight.py, /home/emanuele/ethz_ws/devel/lib/python2.7/dist-packages/sensor_fusion_comm/srv/_InitHeight.py)
Linked: (/home/emanuele/ethz_ws/devel/.private/sensor_fusion_comm/lib/python2.7/dist-packages/sensor_fusion_comm/srv/_InitScale.py, /home/emanuele/ethz_ws/devel/lib/python2.7/dist-packages/sensor_fusion_comm/srv/_InitScale.py)
Linked: (/home/emanuele/ethz_ws/devel/.private/sensor_fusion_comm/lib/python2.7/dist-packages/sensor_fusion_comm/msg/__init__.py, /home/emanuele/ethz_ws/devel/lib/python2.7/dist-packages/sensor_fusion_comm/msg/__init__.py)
Linked: (/home/emanuele/ethz_ws/devel/.private/sensor_fusion_comm/lib/python2.7/dist-packages/sensor_fusion_comm/msg/_DoubleArrayStamped.py, /home/emanuele/ethz_ws/devel/lib/python2.7/dist-packages/sensor_fusion_comm/msg/_DoubleArrayStamped.py)
Linked: (/home/emanuele/ethz_ws/devel/.private/sensor_fusion_comm/lib/python2.7/dist-packages/sensor_fusion_comm/msg/_DoubleMatrixStamped.py, /home/emanuele/ethz_ws/devel/lib/python2.7/dist-packages/sensor_fusion_comm/msg/_DoubleMatrixStamped.py)
Linked: (/home/emanuele/ethz_ws/devel/.private/sensor_fusion_comm/lib/python2.7/dist-packages/sensor_fusion_comm/msg/_ExtState.py, /home/emanuele/ethz_ws/devel/lib/python2.7/dist-packages/sensor_fusion_comm/msg/_ExtState.py)
Linked: (/home/emanuele/ethz_ws/devel/.private/sensor_fusion_comm/lib/python2.7/dist-packages/sensor_fusion_comm/msg/_PointWithCovarianceStamped.py, /home/emanuele/ethz_ws/devel/lib/python2.7/dist-packages/sensor_fusion_comm/msg/_PointWithCovarianceStamped.py)
Linked: (/home/emanuele/ethz_ws/devel/.private/sensor_fusion_comm/lib/python2.7/dist-packages/sensor_fusion_comm/msg/_ExtEkf.py, /home/emanuele/ethz_ws/devel/lib/python2.7/dist-packages/sensor_fusion_comm/msg/_ExtEkf.py)
Linked: (/home/emanuele/ethz_ws/devel/.private/sensor_fusion_comm/share/common-lisp/ros/sensor_fusion_comm/srv/_package_InitScale.lisp, /home/emanuele/ethz_ws/devel/share/common-lisp/ros/sensor_fusion_comm/srv/_package_InitScale.lisp)
Linked: (/home/emanuele/ethz_ws/devel/.private/sensor_fusion_comm/share/common-lisp/ros/sensor_fusion_comm/srv/InitScale.lisp, /home/emanuele/ethz_ws/devel/share/common-lisp/ros/sensor_fusion_comm/srv/InitScale.lisp)
Linked: (/home/emanuele/ethz_ws/devel/.private/sensor_fusion_comm/share/common-lisp/ros/sensor_fusion_comm/srv/sensor_fusion_comm-srv.asd, /home/emanuele/ethz_ws/devel/share/common-lisp/ros/sensor_fusion_comm/srv/sensor_fusion_comm-srv.asd)
Linked: (/home/emanuele/ethz_ws/devel/.private/sensor_fusion_comm/share/common-lisp/ros/sensor_fusion_comm/srv/InitHeight.lisp, /home/emanuele/ethz_ws/devel/share/common-lisp/ros/sensor_fusion_comm/srv/InitHeight.lisp)
Linked: (/home/emanuele/ethz_ws/devel/.private/sensor_fusion_comm/share/common-lisp/ros/sensor_fusion_comm/srv/_package_InitHeight.lisp, /home/emanuele/ethz_ws/devel/share/common-lisp/ros/sensor_fusion_comm/srv/_package_InitHeight.lisp)
Linked: (/home/emanuele/ethz_ws/devel/.private/sensor_fusion_comm/share/common-lisp/ros/sensor_fusion_comm/srv/_package.lisp, /home/emanuele/ethz_ws/devel/share/common-lisp/ros/sensor_fusion_comm/srv/_package.lisp)
Linked: (/home/emanuele/ethz_ws/devel/.private/sensor_fusion_comm/share/common-lisp/ros/sensor_fusion_comm/msg/DoubleArrayStamped.lisp, /home/emanuele/ethz_ws/devel/share/common-lisp/ros/sensor_fusion_comm/msg/DoubleArrayStamped.lisp)
Linked: (/home/emanuele/ethz_ws/devel/.private/sensor_fusion_comm/share/common-lisp/ros/sensor_fusion_comm/msg/_package_ExtState.lisp, /home/emanuele/ethz_ws/devel/share/common-lisp/ros/sensor_fusion_comm/msg/_package_ExtState.lisp)
Linked: (/home/emanuele/ethz_ws/devel/.private/sensor_fusion_comm/share/common-lisp/ros/sensor_fusion_comm/msg/_package_DoubleArrayStamped.lisp, /home/emanuele/ethz_ws/devel/share/common-lisp/ros/sensor_fusion_comm/msg/_package_DoubleArrayStamped.lisp)
Linked: (/home/emanuele/ethz_ws/devel/.private/sensor_fusion_comm/share/common-lisp/ros/sensor_fusion_comm/msg/sensor_fusion_comm-msg.asd, /home/emanuele/ethz_ws/devel/share/common-lisp/ros/sensor_fusion_comm/msg/sensor_fusion_comm-msg.asd)
Linked: (/home/emanuele/ethz_ws/devel/.private/sensor_fusion_comm/share/common-lisp/ros/sensor_fusion_comm/msg/DoubleMatrixStamped.lisp, /home/emanuele/ethz_ws/devel/share/common-lisp/ros/sensor_fusion_comm/msg/DoubleMatrixStamped.lisp)
Linked: (/home/emanuele/ethz_ws/devel/.private/sensor_fusion_comm/share/common-lisp/ros/sensor_fusion_comm/msg/ExtState.lisp, /home/emanuele/ethz_ws/devel/share/common-lisp/ros/sensor_fusion_comm/msg/ExtState.lisp)
Linked: (/home/emanuele/ethz_ws/devel/.private/sensor_fusion_comm/share/common-lisp/ros/sensor_fusion_comm/msg/PointWithCovarianceStamped.lisp, /home/emanuele/ethz_ws/devel/share/common-lisp/ros/sensor_fusion_comm/msg/PointWithCovarianceStamped.lisp)
Linked: (/home/emanuele/ethz_ws/devel/.private/sensor_fusion_comm/share/common-lisp/ros/sensor_fusion_comm/msg/_package_PointWithCovarianceStamped.lisp, /home/emanuele/ethz_ws/devel/share/common-lisp/ros/sensor_fusion_comm/msg/_package_PointWithCovarianceStamped.lisp)
Linked: (/home/emanuele/ethz_ws/devel/.private/sensor_fusion_comm/share/common-lisp/ros/sensor_fusion_comm/msg/_package_DoubleMatrixStamped.lisp, /home/emanuele/ethz_ws/devel/share/common-lisp/ros/sensor_fusion_comm/msg/_package_DoubleMatrixStamped.lisp)
Linked: (/home/emanuele/ethz_ws/devel/.private/sensor_fusion_comm/share/common-lisp/ros/sensor_fusion_comm/msg/_package_ExtEkf.lisp, /home/emanuele/ethz_ws/devel/share/common-lisp/ros/sensor_fusion_comm/msg/_package_ExtEkf.lisp)
Linked: (/home/emanuele/ethz_ws/devel/.private/sensor_fusion_comm/share/common-lisp/ros/sensor_fusion_comm/msg/ExtEkf.lisp, /home/emanuele/ethz_ws/devel/share/common-lisp/ros/sensor_fusion_comm/msg/ExtEkf.lisp)
Linked: (/home/emanuele/ethz_ws/devel/.private/sensor_fusion_comm/share/common-lisp/ros/sensor_fusion_comm/msg/_package.lisp, /home/emanuele/ethz_ws/devel/share/common-lisp/ros/sensor_fusion_comm/msg/_package.lisp)
Linked: (/home/emanuele/ethz_ws/devel/.private/sensor_fusion_comm/share/roseus/ros/sensor_fusion_comm/manifest.l, /home/emanuele/ethz_ws/devel/share/roseus/ros/sensor_fusion_comm/manifest.l)
Linked: (/home/emanuele/ethz_ws/devel/.private/sensor_fusion_comm/share/roseus/ros/sensor_fusion_comm/srv/InitHeight.l, /home/emanuele/ethz_ws/devel/share/roseus/ros/sensor_fusion_comm/srv/InitHeight.l)
Linked: (/home/emanuele/ethz_ws/devel/.private/sensor_fusion_comm/share/roseus/ros/sensor_fusion_comm/srv/InitScale.l, /home/emanuele/ethz_ws/devel/share/roseus/ros/sensor_fusion_comm/srv/InitScale.l)
Linked: (/home/emanuele/ethz_ws/devel/.private/sensor_fusion_comm/share/roseus/ros/sensor_fusion_comm/msg/ExtState.l, /home/emanuele/ethz_ws/devel/share/roseus/ros/sensor_fusion_comm/msg/ExtState.l)
Linked: (/home/emanuele/ethz_ws/devel/.private/sensor_fusion_comm/share/roseus/ros/sensor_fusion_comm/msg/DoubleArrayStamped.l, /home/emanuele/ethz_ws/devel/share/roseus/ros/sensor_fusion_comm/msg/DoubleArrayStamped.l)
Linked: (/home/emanuele/ethz_ws/devel/.private/sensor_fusion_comm/share/roseus/ros/sensor_fusion_comm/msg/DoubleMatrixStamped.l, /home/emanuele/ethz_ws/devel/share/roseus/ros/sensor_fusion_comm/msg/DoubleMatrixStamped.l)
Linked: (/home/emanuele/ethz_ws/devel/.private/sensor_fusion_comm/share/roseus/ros/sensor_fusion_comm/msg/PointWithCovarianceStamped.l, /home/emanuele/ethz_ws/devel/share/roseus/ros/sensor_fusion_comm/msg/PointWithCovarianceStamped.l)
Linked: (/home/emanuele/ethz_ws/devel/.private/sensor_fusion_comm/share/roseus/ros/sensor_fusion_comm/msg/ExtEkf.l, /home/emanuele/ethz_ws/devel/share/roseus/ros/sensor_fusion_comm/msg/ExtEkf.l)
Linked: (/home/emanuele/ethz_ws/devel/.private/sensor_fusion_comm/share/gennodejs/ros/sensor_fusion_comm/_index.js, /home/emanuele/ethz_ws/devel/share/gennodejs/ros/sensor_fusion_comm/_index.js)
Linked: (/home/emanuele/ethz_ws/devel/.private/sensor_fusion_comm/share/gennodejs/ros/sensor_fusion_comm/srv/_index.js, /home/emanuele/ethz_ws/devel/share/gennodejs/ros/sensor_fusion_comm/srv/_index.js)
Linked: (/home/emanuele/ethz_ws/devel/.private/sensor_fusion_comm/share/gennodejs/ros/sensor_fusion_comm/srv/InitScale.js, /home/emanuele/ethz_ws/devel/share/gennodejs/ros/sensor_fusion_comm/srv/InitScale.js)
Linked: (/home/emanuele/ethz_ws/devel/.private/sensor_fusion_comm/share/gennodejs/ros/sensor_fusion_comm/srv/InitHeight.js, /home/emanuele/ethz_ws/devel/share/gennodejs/ros/sensor_fusion_comm/srv/InitHeight.js)
Linked: (/home/emanuele/ethz_ws/devel/.private/sensor_fusion_comm/share/gennodejs/ros/sensor_fusion_comm/msg/_index.js, /home/emanuele/ethz_ws/devel/share/gennodejs/ros/sensor_fusion_comm/msg/_index.js)
Linked: (/home/emanuele/ethz_ws/devel/.private/sensor_fusion_comm/share/gennodejs/ros/sensor_fusion_comm/msg/ExtState.js, /home/emanuele/ethz_ws/devel/share/gennodejs/ros/sensor_fusion_comm/msg/ExtState.js)
Linked: (/home/emanuele/ethz_ws/devel/.private/sensor_fusion_comm/share/gennodejs/ros/sensor_fusion_comm/msg/ExtEkf.js, /home/emanuele/ethz_ws/devel/share/gennodejs/ros/sensor_fusion_comm/msg/ExtEkf.js)
Linked: (/home/emanuele/ethz_ws/devel/.private/sensor_fusion_comm/share/gennodejs/ros/sensor_fusion_comm/msg/PointWithCovarianceStamped.js, /home/emanuele/ethz_ws/devel/share/gennodejs/ros/sensor_fusion_comm/msg/PointWithCovarianceStamped.js)
Linked: (/home/emanuele/ethz_ws/devel/.private/sensor_fusion_comm/share/gennodejs/ros/sensor_fusion_comm/msg/DoubleArrayStamped.js, /home/emanuele/ethz_ws/devel/share/gennodejs/ros/sensor_fusion_comm/msg/DoubleArrayStamped.js)
Linked: (/home/emanuele/ethz_ws/devel/.private/sensor_fusion_comm/share/gennodejs/ros/sensor_fusion_comm/msg/DoubleMatrixStamped.js, /home/emanuele/ethz_ws/devel/share/gennodejs/ros/sensor_fusion_comm/msg/DoubleMatrixStamped.js)
Linked: (/home/emanuele/ethz_ws/devel/.private/sensor_fusion_comm/share/sensor_fusion_comm/cmake/sensor_fusion_comm-msg-extras.cmake, /home/emanuele/ethz_ws/devel/share/sensor_fusion_comm/cmake/sensor_fusion_comm-msg-extras.cmake)
Linked: (/home/emanuele/ethz_ws/devel/.private/sensor_fusion_comm/share/sensor_fusion_comm/cmake/sensor_fusion_comm-msg-paths.cmake, /home/emanuele/ethz_ws/devel/share/sensor_fusion_comm/cmake/sensor_fusion_comm-msg-paths.cmake)
Linked: (/home/emanuele/ethz_ws/devel/.private/sensor_fusion_comm/share/sensor_fusion_comm/cmake/sensor_fusion_commConfig.cmake, /home/emanuele/ethz_ws/devel/share/sensor_fusion_comm/cmake/sensor_fusion_commConfig.cmake)
Linked: (/home/emanuele/ethz_ws/devel/.private/sensor_fusion_comm/share/sensor_fusion_comm/cmake/sensor_fusion_commConfig-version.cmake, /home/emanuele/ethz_ws/devel/share/sensor_fusion_comm/cmake/sensor_fusion_commConfig-version.cmake)
Linked: (/home/emanuele/ethz_ws/devel/.private/sensor_fusion_comm/include/sensor_fusion_comm/ExtState.h, /home/emanuele/ethz_ws/devel/include/sensor_fusion_comm/ExtState.h)
Linked: (/home/emanuele/ethz_ws/devel/.private/sensor_fusion_comm/include/sensor_fusion_comm/InitScale.h, /home/emanuele/ethz_ws/devel/include/sensor_fusion_comm/InitScale.h)
Linked: (/home/emanuele/ethz_ws/devel/.private/sensor_fusion_comm/include/sensor_fusion_comm/ExtEkf.h, /home/emanuele/ethz_ws/devel/include/sensor_fusion_comm/ExtEkf.h)
Linked: (/home/emanuele/ethz_ws/devel/.private/sensor_fusion_comm/include/sensor_fusion_comm/DoubleMatrixStamped.h, /home/emanuele/ethz_ws/devel/include/sensor_fusion_comm/DoubleMatrixStamped.h)
Linked: (/home/emanuele/ethz_ws/devel/.private/sensor_fusion_comm/include/sensor_fusion_comm/InitScaleResponse.h, /home/emanuele/ethz_ws/devel/include/sensor_fusion_comm/InitScaleResponse.h)
Linked: (/home/emanuele/ethz_ws/devel/.private/sensor_fusion_comm/include/sensor_fusion_comm/InitHeightResponse.h, /home/emanuele/ethz_ws/devel/include/sensor_fusion_comm/InitHeightResponse.h)
Linked: (/home/emanuele/ethz_ws/devel/.private/sensor_fusion_comm/include/sensor_fusion_comm/InitHeight.h, /home/emanuele/ethz_ws/devel/include/sensor_fusion_comm/InitHeight.h)
Linked: (/home/emanuele/ethz_ws/devel/.private/sensor_fusion_comm/include/sensor_fusion_comm/InitHeightRequest.h, /home/emanuele/ethz_ws/devel/include/sensor_fusion_comm/InitHeightRequest.h)
Linked: (/home/emanuele/ethz_ws/devel/.private/sensor_fusion_comm/include/sensor_fusion_comm/DoubleArrayStamped.h, /home/emanuele/ethz_ws/devel/include/sensor_fusion_comm/DoubleArrayStamped.h)
Linked: (/home/emanuele/ethz_ws/devel/.private/sensor_fusion_comm/include/sensor_fusion_comm/InitScaleRequest.h, /home/emanuele/ethz_ws/devel/include/sensor_fusion_comm/InitScaleRequest.h)
Linked: (/home/emanuele/ethz_ws/devel/.private/sensor_fusion_comm/include/sensor_fusion_comm/PointWithCovarianceStamped.h, /home/emanuele/ethz_ws/devel/include/sensor_fusion_comm/PointWithCovarianceStamped.h)
