Determining if the pthread_create exist failed with the following output:
Change Dir: /home/emanuele/ethz_ws/build/msf_updates/CMakeFiles/CMakeTmp

Run Build Command:"/usr/bin/make" "cmTC_e4b78/fast"
/usr/bin/make -f CMakeFiles/cmTC_e4b78.dir/build.make CMakeFiles/cmTC_e4b78.dir/build
make[1]: ingresso nella directory "/home/emanuele/ethz_ws/build/msf_updates/CMakeFiles/CMakeTmp"
Building C object CMakeFiles/cmTC_e4b78.dir/CheckSymbolExists.c.o
/usr/bin/cc     -o CMakeFiles/cmTC_e4b78.dir/CheckSymbolExists.c.o   -c /home/emanuele/ethz_ws/build/msf_updates/CMakeFiles/CMakeTmp/CheckSymbolExists.c
Linking C executable cmTC_e4b78
/usr/bin/cmake -E cmake_link_script CMakeFiles/cmTC_e4b78.dir/link.txt --verbose=1
/usr/bin/cc       CMakeFiles/cmTC_e4b78.dir/CheckSymbolExists.c.o  -o cmTC_e4b78 -rdynamic 
CMakeFiles/cmTC_e4b78.dir/CheckSymbolExists.c.o: nella funzione "main":
CheckSymbolExists.c:(.text+0x16): riferimento non definito a "pthread_create"
collect2: error: ld returned 1 exit status
CMakeFiles/cmTC_e4b78.dir/build.make:97: set di istruzioni per l'obiettivo "cmTC_e4b78" non riuscito
make[1]: *** [cmTC_e4b78] Errore 1
make[1]: uscita dalla directory "/home/emanuele/ethz_ws/build/msf_updates/CMakeFiles/CMakeTmp"
Makefile:126: set di istruzioni per l'obiettivo "cmTC_e4b78/fast" non riuscito
make: *** [cmTC_e4b78/fast] Errore 2

File /home/emanuele/ethz_ws/build/msf_updates/CMakeFiles/CMakeTmp/CheckSymbolExists.c:
/* */
#include <pthread.h>

int main(int argc, char** argv)
{
  (void)argv;
#ifndef pthread_create
  return ((int*)(&pthread_create))[argc];
#else
  (void)argc;
  return 0;
#endif
}

Determining if the function pthread_create exists in the pthreads failed with the following output:
Change Dir: /home/emanuele/ethz_ws/build/msf_updates/CMakeFiles/CMakeTmp

Run Build Command:"/usr/bin/make" "cmTC_d95a9/fast"
/usr/bin/make -f CMakeFiles/cmTC_d95a9.dir/build.make CMakeFiles/cmTC_d95a9.dir/build
make[1]: ingresso nella directory "/home/emanuele/ethz_ws/build/msf_updates/CMakeFiles/CMakeTmp"
Building C object CMakeFiles/cmTC_d95a9.dir/CheckFunctionExists.c.o
/usr/bin/cc    -DCHECK_FUNCTION_EXISTS=pthread_create   -o CMakeFiles/cmTC_d95a9.dir/CheckFunctionExists.c.o   -c /usr/share/cmake-3.5/Modules/CheckFunctionExists.c
Linking C executable cmTC_d95a9
/usr/bin/cmake -E cmake_link_script CMakeFiles/cmTC_d95a9.dir/link.txt --verbose=1
/usr/bin/cc   -DCHECK_FUNCTION_EXISTS=pthread_create    CMakeFiles/cmTC_d95a9.dir/CheckFunctionExists.c.o  -o cmTC_d95a9 -rdynamic -lpthreads 
/usr/bin/ld: impossibile trovare -lpthreads
collect2: error: ld returned 1 exit status
CMakeFiles/cmTC_d95a9.dir/build.make:97: set di istruzioni per l'obiettivo "cmTC_d95a9" non riuscito
make[1]: *** [cmTC_d95a9] Errore 1
make[1]: uscita dalla directory "/home/emanuele/ethz_ws/build/msf_updates/CMakeFiles/CMakeTmp"
Makefile:126: set di istruzioni per l'obiettivo "cmTC_d95a9/fast" non riuscito
make: *** [cmTC_d95a9/fast] Errore 2


