[01m[K/home/emanuele/ethz_ws/src/rotors_simulator/rotors_gazebo_plugins/src/gazebo_visual_plugin.cpp:[m[K In constructor ‘[01m[Kgazebo::rendering::GazeboVisualPlugin::GazeboVisualPlugin()[m[K’:
[01m[K/home/emanuele/ethz_ws/src/rotors_simulator/rotors_gazebo_plugins/src/gazebo_visual_plugin.cpp:11:7:[m[K [01;31m[Kerror: [m[Kclass ‘[01m[Kgazebo::rendering::GazeboVisualPlugin[m[K’ does not have any field named ‘[01m[Kline[m[K’
       line(NULL)
[01;32m[K       ^[m[K
[01m[K/home/emanuele/ethz_ws/src/rotors_simulator/rotors_gazebo_plugins/src/gazebo_visual_plugin.cpp:[m[K In member function ‘[01m[Kvirtual void gazebo::rendering::GazeboVisualPlugin::UpdateChild()[m[K’:
[01m[K/home/emanuele/ethz_ws/src/rotors_simulator/rotors_gazebo_plugins/src/gazebo_visual_plugin.cpp:62:74:[m[K [01;35m[Kwarning: [m[K‘[01m[Kvoid gazebo::rendering::DynamicLines::AddPoint(const gazebo::math::Vector3&, const gazebo::common::Color&)[m[K’ is deprecated [-Wdeprecated-declarations]
       line->AddPoint(math::Vector3(link_pose.x, link_pose.y, link_pose.z));
[01;32m[K                                                                          ^[m[K
In file included from [01m[K/home/emanuele/ethz_ws/src/rotors_simulator/rotors_gazebo_plugins/include/rotors_gazebo_plugins/gazebo_visual_plugin.h:17:0[m[K,
                 from [01m[K/home/emanuele/ethz_ws/src/rotors_simulator/rotors_gazebo_plugins/src/gazebo_visual_plugin.cpp:1[m[K:
[01m[K/usr/include/gazebo-7/gazebo/rendering/DynamicLines.hh:64:20:[m[K [01;36m[Knote: [m[Kdeclared here
       public: void AddPoint(const math::Vector3 &_pt,
[01;32m[K                    ^[m[K
[01m[K/home/emanuele/ethz_ws/src/rotors_simulator/rotors_gazebo_plugins/src/gazebo_visual_plugin.cpp:63:71:[m[K [01;35m[Kwarning: [m[K‘[01m[Kvoid gazebo::rendering::DynamicLines::AddPoint(const gazebo::math::Vector3&, const gazebo::common::Color&)[m[K’ is deprecated [-Wdeprecated-declarations]
       line->AddPoint(math::Vector3(endpoint.x, endpoint.y, endpoint.z));
[01;32m[K                                                                       ^[m[K
In file included from [01m[K/home/emanuele/ethz_ws/src/rotors_simulator/rotors_gazebo_plugins/include/rotors_gazebo_plugins/gazebo_visual_plugin.h:17:0[m[K,
                 from [01m[K/home/emanuele/ethz_ws/src/rotors_simulator/rotors_gazebo_plugins/src/gazebo_visual_plugin.cpp:1[m[K:
[01m[K/usr/include/gazebo-7/gazebo/rendering/DynamicLines.hh:64:20:[m[K [01;36m[Knote: [m[Kdeclared here
       public: void AddPoint(const math::Vector3 &_pt,
[01;32m[K                    ^[m[K
make[2]: *** [CMakeFiles/rotors_gazebo_visual_plugin.dir/src/gazebo_visual_plugin.cpp.o] Errore 1
make[1]: *** [CMakeFiles/rotors_gazebo_visual_plugin.dir/all] Errore 2
make: *** [all] Errore 2
