Determining if the pthread_create exist failed with the following output:
Change Dir: /home/emanuele/ethz_ws/build/bebop_simulator/CMakeFiles/CMakeTmp

Run Build Command:"/usr/bin/make" "cmTC_44577/fast"
/usr/bin/make -f CMakeFiles/cmTC_44577.dir/build.make CMakeFiles/cmTC_44577.dir/build
make[1]: ingresso nella directory "/home/emanuele/ethz_ws/build/bebop_simulator/CMakeFiles/CMakeTmp"
Building C object CMakeFiles/cmTC_44577.dir/CheckSymbolExists.c.o
/usr/bin/cc     -o CMakeFiles/cmTC_44577.dir/CheckSymbolExists.c.o   -c /home/emanuele/ethz_ws/build/bebop_simulator/CMakeFiles/CMakeTmp/CheckSymbolExists.c
Linking C executable cmTC_44577
/usr/bin/cmake -E cmake_link_script CMakeFiles/cmTC_44577.dir/link.txt --verbose=1
/usr/bin/cc       CMakeFiles/cmTC_44577.dir/CheckSymbolExists.c.o  -o cmTC_44577 -rdynamic 
CMakeFiles/cmTC_44577.dir/CheckSymbolExists.c.o: nella funzione "main":
CheckSymbolExists.c:(.text+0x16): riferimento non definito a "pthread_create"
collect2: error: ld returned 1 exit status
CMakeFiles/cmTC_44577.dir/build.make:97: set di istruzioni per l'obiettivo "cmTC_44577" non riuscito
make[1]: *** [cmTC_44577] Errore 1
make[1]: uscita dalla directory "/home/emanuele/ethz_ws/build/bebop_simulator/CMakeFiles/CMakeTmp"
Makefile:126: set di istruzioni per l'obiettivo "cmTC_44577/fast" non riuscito
make: *** [cmTC_44577/fast] Errore 2

File /home/emanuele/ethz_ws/build/bebop_simulator/CMakeFiles/CMakeTmp/CheckSymbolExists.c:
/* */
#include <pthread.h>

int main(int argc, char** argv)
{
  (void)argv;
#ifndef pthread_create
  return ((int*)(&pthread_create))[argc];
#else
  (void)argc;
  return 0;
#endif
}

Determining if the function pthread_create exists in the pthreads failed with the following output:
Change Dir: /home/emanuele/ethz_ws/build/bebop_simulator/CMakeFiles/CMakeTmp

Run Build Command:"/usr/bin/make" "cmTC_ebfb8/fast"
/usr/bin/make -f CMakeFiles/cmTC_ebfb8.dir/build.make CMakeFiles/cmTC_ebfb8.dir/build
make[1]: ingresso nella directory "/home/emanuele/ethz_ws/build/bebop_simulator/CMakeFiles/CMakeTmp"
Building C object CMakeFiles/cmTC_ebfb8.dir/CheckFunctionExists.c.o
/usr/bin/cc    -DCHECK_FUNCTION_EXISTS=pthread_create   -o CMakeFiles/cmTC_ebfb8.dir/CheckFunctionExists.c.o   -c /usr/share/cmake-3.5/Modules/CheckFunctionExists.c
Linking C executable cmTC_ebfb8
/usr/bin/cmake -E cmake_link_script CMakeFiles/cmTC_ebfb8.dir/link.txt --verbose=1
/usr/bin/cc   -DCHECK_FUNCTION_EXISTS=pthread_create    CMakeFiles/cmTC_ebfb8.dir/CheckFunctionExists.c.o  -o cmTC_ebfb8 -rdynamic -lpthreads 
/usr/bin/ld: impossibile trovare -lpthreads
collect2: error: ld returned 1 exit status
CMakeFiles/cmTC_ebfb8.dir/build.make:97: set di istruzioni per l'obiettivo "cmTC_ebfb8" non riuscito
make[1]: *** [cmTC_ebfb8] Errore 1
make[1]: uscita dalla directory "/home/emanuele/ethz_ws/build/bebop_simulator/CMakeFiles/CMakeTmp"
Makefile:126: set di istruzioni per l'obiettivo "cmTC_ebfb8/fast" non riuscito
make: *** [cmTC_ebfb8/fast] Errore 2


