Determining if the pthread_create exist failed with the following output:
Change Dir: /home/emanuele/ethz_ws/build/gazebo_force_vector_visual/CMakeFiles/CMakeTmp

Run Build Command:"/usr/bin/make" "cmTC_1c5cd/fast"
/usr/bin/make -f CMakeFiles/cmTC_1c5cd.dir/build.make CMakeFiles/cmTC_1c5cd.dir/build
make[1]: ingresso nella directory "/home/emanuele/ethz_ws/build/gazebo_force_vector_visual/CMakeFiles/CMakeTmp"
Building C object CMakeFiles/cmTC_1c5cd.dir/CheckSymbolExists.c.o
/usr/bin/cc     -o CMakeFiles/cmTC_1c5cd.dir/CheckSymbolExists.c.o   -c /home/emanuele/ethz_ws/build/gazebo_force_vector_visual/CMakeFiles/CMakeTmp/CheckSymbolExists.c
Linking C executable cmTC_1c5cd
/usr/bin/cmake -E cmake_link_script CMakeFiles/cmTC_1c5cd.dir/link.txt --verbose=1
/usr/bin/cc       CMakeFiles/cmTC_1c5cd.dir/CheckSymbolExists.c.o  -o cmTC_1c5cd -rdynamic 
CMakeFiles/cmTC_1c5cd.dir/CheckSymbolExists.c.o: nella funzione "main":
CheckSymbolExists.c:(.text+0x16): riferimento non definito a "pthread_create"
collect2: error: ld returned 1 exit status
CMakeFiles/cmTC_1c5cd.dir/build.make:97: set di istruzioni per l'obiettivo "cmTC_1c5cd" non riuscito
make[1]: *** [cmTC_1c5cd] Errore 1
make[1]: uscita dalla directory "/home/emanuele/ethz_ws/build/gazebo_force_vector_visual/CMakeFiles/CMakeTmp"
Makefile:126: set di istruzioni per l'obiettivo "cmTC_1c5cd/fast" non riuscito
make: *** [cmTC_1c5cd/fast] Errore 2

File /home/emanuele/ethz_ws/build/gazebo_force_vector_visual/CMakeFiles/CMakeTmp/CheckSymbolExists.c:
/* */
#include <pthread.h>

int main(int argc, char** argv)
{
  (void)argv;
#ifndef pthread_create
  return ((int*)(&pthread_create))[argc];
#else
  (void)argc;
  return 0;
#endif
}

Determining if the function pthread_create exists in the pthreads failed with the following output:
Change Dir: /home/emanuele/ethz_ws/build/gazebo_force_vector_visual/CMakeFiles/CMakeTmp

Run Build Command:"/usr/bin/make" "cmTC_ca733/fast"
/usr/bin/make -f CMakeFiles/cmTC_ca733.dir/build.make CMakeFiles/cmTC_ca733.dir/build
make[1]: ingresso nella directory "/home/emanuele/ethz_ws/build/gazebo_force_vector_visual/CMakeFiles/CMakeTmp"
Building C object CMakeFiles/cmTC_ca733.dir/CheckFunctionExists.c.o
/usr/bin/cc    -DCHECK_FUNCTION_EXISTS=pthread_create   -o CMakeFiles/cmTC_ca733.dir/CheckFunctionExists.c.o   -c /usr/share/cmake-3.5/Modules/CheckFunctionExists.c
Linking C executable cmTC_ca733
/usr/bin/cmake -E cmake_link_script CMakeFiles/cmTC_ca733.dir/link.txt --verbose=1
/usr/bin/cc   -DCHECK_FUNCTION_EXISTS=pthread_create    CMakeFiles/cmTC_ca733.dir/CheckFunctionExists.c.o  -o cmTC_ca733 -rdynamic -lpthreads 
/usr/bin/ld: impossibile trovare -lpthreads
collect2: error: ld returned 1 exit status
CMakeFiles/cmTC_ca733.dir/build.make:97: set di istruzioni per l'obiettivo "cmTC_ca733" non riuscito
make[1]: *** [cmTC_ca733] Errore 1
make[1]: uscita dalla directory "/home/emanuele/ethz_ws/build/gazebo_force_vector_visual/CMakeFiles/CMakeTmp"
Makefile:126: set di istruzioni per l'obiettivo "cmTC_ca733/fast" non riuscito
make: *** [cmTC_ca733/fast] Errore 2


