Determining if the pthread_create exist failed with the following output:
Change Dir: /home/emanuele/ethz_ws/build/Assembly_gazebo/CMakeFiles/CMakeTmp

Run Build Command:"/usr/bin/make" "cmTC_9e631/fast"
/usr/bin/make -f CMakeFiles/cmTC_9e631.dir/build.make CMakeFiles/cmTC_9e631.dir/build
make[1]: ingresso nella directory "/home/emanuele/ethz_ws/build/Assembly_gazebo/CMakeFiles/CMakeTmp"
Building C object CMakeFiles/cmTC_9e631.dir/CheckSymbolExists.c.o
/usr/bin/cc     -o CMakeFiles/cmTC_9e631.dir/CheckSymbolExists.c.o   -c /home/emanuele/ethz_ws/build/Assembly_gazebo/CMakeFiles/CMakeTmp/CheckSymbolExists.c
Linking C executable cmTC_9e631
/usr/bin/cmake -E cmake_link_script CMakeFiles/cmTC_9e631.dir/link.txt --verbose=1
/usr/bin/cc       CMakeFiles/cmTC_9e631.dir/CheckSymbolExists.c.o  -o cmTC_9e631 -rdynamic 
CMakeFiles/cmTC_9e631.dir/CheckSymbolExists.c.o: nella funzione "main":
CheckSymbolExists.c:(.text+0x16): riferimento non definito a "pthread_create"
collect2: error: ld returned 1 exit status
CMakeFiles/cmTC_9e631.dir/build.make:97: set di istruzioni per l'obiettivo "cmTC_9e631" non riuscito
make[1]: *** [cmTC_9e631] Errore 1
make[1]: uscita dalla directory "/home/emanuele/ethz_ws/build/Assembly_gazebo/CMakeFiles/CMakeTmp"
Makefile:126: set di istruzioni per l'obiettivo "cmTC_9e631/fast" non riuscito
make: *** [cmTC_9e631/fast] Errore 2

File /home/emanuele/ethz_ws/build/Assembly_gazebo/CMakeFiles/CMakeTmp/CheckSymbolExists.c:
/* */
#include <pthread.h>

int main(int argc, char** argv)
{
  (void)argv;
#ifndef pthread_create
  return ((int*)(&pthread_create))[argc];
#else
  (void)argc;
  return 0;
#endif
}

Determining if the function pthread_create exists in the pthreads failed with the following output:
Change Dir: /home/emanuele/ethz_ws/build/Assembly_gazebo/CMakeFiles/CMakeTmp

Run Build Command:"/usr/bin/make" "cmTC_4c0de/fast"
/usr/bin/make -f CMakeFiles/cmTC_4c0de.dir/build.make CMakeFiles/cmTC_4c0de.dir/build
make[1]: ingresso nella directory "/home/emanuele/ethz_ws/build/Assembly_gazebo/CMakeFiles/CMakeTmp"
Building C object CMakeFiles/cmTC_4c0de.dir/CheckFunctionExists.c.o
/usr/bin/cc    -DCHECK_FUNCTION_EXISTS=pthread_create   -o CMakeFiles/cmTC_4c0de.dir/CheckFunctionExists.c.o   -c /usr/share/cmake-3.5/Modules/CheckFunctionExists.c
Linking C executable cmTC_4c0de
/usr/bin/cmake -E cmake_link_script CMakeFiles/cmTC_4c0de.dir/link.txt --verbose=1
/usr/bin/cc   -DCHECK_FUNCTION_EXISTS=pthread_create    CMakeFiles/cmTC_4c0de.dir/CheckFunctionExists.c.o  -o cmTC_4c0de -rdynamic -lpthreads 
/usr/bin/ld: impossibile trovare -lpthreads
collect2: error: ld returned 1 exit status
CMakeFiles/cmTC_4c0de.dir/build.make:97: set di istruzioni per l'obiettivo "cmTC_4c0de" non riuscito
make[1]: *** [cmTC_4c0de] Errore 1
make[1]: uscita dalla directory "/home/emanuele/ethz_ws/build/Assembly_gazebo/CMakeFiles/CMakeTmp"
Makefile:126: set di istruzioni per l'obiettivo "cmTC_4c0de/fast" non riuscito
make: *** [cmTC_4c0de/fast] Errore 2


