Determining if the pthread_create exist failed with the following output:
Change Dir: /home/emanuele/ethz_ws/build/rotors_control/CMakeFiles/CMakeTmp

Run Build Command:"/usr/bin/make" "cmTC_29567/fast"
/usr/bin/make -f CMakeFiles/cmTC_29567.dir/build.make CMakeFiles/cmTC_29567.dir/build
make[1]: ingresso nella directory "/home/emanuele/ethz_ws/build/rotors_control/CMakeFiles/CMakeTmp"
Building C object CMakeFiles/cmTC_29567.dir/CheckSymbolExists.c.o
/usr/bin/cc     -o CMakeFiles/cmTC_29567.dir/CheckSymbolExists.c.o   -c /home/emanuele/ethz_ws/build/rotors_control/CMakeFiles/CMakeTmp/CheckSymbolExists.c
Linking C executable cmTC_29567
/usr/bin/cmake -E cmake_link_script CMakeFiles/cmTC_29567.dir/link.txt --verbose=1
/usr/bin/cc       CMakeFiles/cmTC_29567.dir/CheckSymbolExists.c.o  -o cmTC_29567 -rdynamic 
CMakeFiles/cmTC_29567.dir/CheckSymbolExists.c.o: nella funzione "main":
CheckSymbolExists.c:(.text+0x16): riferimento non definito a "pthread_create"
collect2: error: ld returned 1 exit status
CMakeFiles/cmTC_29567.dir/build.make:97: set di istruzioni per l'obiettivo "cmTC_29567" non riuscito
make[1]: *** [cmTC_29567] Errore 1
make[1]: uscita dalla directory "/home/emanuele/ethz_ws/build/rotors_control/CMakeFiles/CMakeTmp"
Makefile:126: set di istruzioni per l'obiettivo "cmTC_29567/fast" non riuscito
make: *** [cmTC_29567/fast] Errore 2

File /home/emanuele/ethz_ws/build/rotors_control/CMakeFiles/CMakeTmp/CheckSymbolExists.c:
/* */
#include <pthread.h>

int main(int argc, char** argv)
{
  (void)argv;
#ifndef pthread_create
  return ((int*)(&pthread_create))[argc];
#else
  (void)argc;
  return 0;
#endif
}

Determining if the function pthread_create exists in the pthreads failed with the following output:
Change Dir: /home/emanuele/ethz_ws/build/rotors_control/CMakeFiles/CMakeTmp

Run Build Command:"/usr/bin/make" "cmTC_38d06/fast"
/usr/bin/make -f CMakeFiles/cmTC_38d06.dir/build.make CMakeFiles/cmTC_38d06.dir/build
make[1]: ingresso nella directory "/home/emanuele/ethz_ws/build/rotors_control/CMakeFiles/CMakeTmp"
Building C object CMakeFiles/cmTC_38d06.dir/CheckFunctionExists.c.o
/usr/bin/cc    -DCHECK_FUNCTION_EXISTS=pthread_create   -o CMakeFiles/cmTC_38d06.dir/CheckFunctionExists.c.o   -c /usr/share/cmake-3.5/Modules/CheckFunctionExists.c
Linking C executable cmTC_38d06
/usr/bin/cmake -E cmake_link_script CMakeFiles/cmTC_38d06.dir/link.txt --verbose=1
/usr/bin/cc   -DCHECK_FUNCTION_EXISTS=pthread_create    CMakeFiles/cmTC_38d06.dir/CheckFunctionExists.c.o  -o cmTC_38d06 -rdynamic -lpthreads 
/usr/bin/ld: impossibile trovare -lpthreads
collect2: error: ld returned 1 exit status
CMakeFiles/cmTC_38d06.dir/build.make:97: set di istruzioni per l'obiettivo "cmTC_38d06" non riuscito
make[1]: *** [cmTC_38d06] Errore 1
make[1]: uscita dalla directory "/home/emanuele/ethz_ws/build/rotors_control/CMakeFiles/CMakeTmp"
Makefile:126: set di istruzioni per l'obiettivo "cmTC_38d06/fast" non riuscito
make: *** [cmTC_38d06/fast] Errore 2


