Determining if the pthread_create exist failed with the following output:
Change Dir: /home/emanuele/ethz_ws/build/planning_msgs/CMakeFiles/CMakeTmp

Run Build Command:"/usr/bin/make" "cmTC_00f3d/fast"
/usr/bin/make -f CMakeFiles/cmTC_00f3d.dir/build.make CMakeFiles/cmTC_00f3d.dir/build
make[1]: ingresso nella directory "/home/emanuele/ethz_ws/build/planning_msgs/CMakeFiles/CMakeTmp"
Building C object CMakeFiles/cmTC_00f3d.dir/CheckSymbolExists.c.o
/usr/bin/cc     -o CMakeFiles/cmTC_00f3d.dir/CheckSymbolExists.c.o   -c /home/emanuele/ethz_ws/build/planning_msgs/CMakeFiles/CMakeTmp/CheckSymbolExists.c
Linking C executable cmTC_00f3d
/usr/bin/cmake -E cmake_link_script CMakeFiles/cmTC_00f3d.dir/link.txt --verbose=1
/usr/bin/cc       CMakeFiles/cmTC_00f3d.dir/CheckSymbolExists.c.o  -o cmTC_00f3d -rdynamic 
CMakeFiles/cmTC_00f3d.dir/CheckSymbolExists.c.o: nella funzione "main":
CheckSymbolExists.c:(.text+0x16): riferimento non definito a "pthread_create"
collect2: error: ld returned 1 exit status
CMakeFiles/cmTC_00f3d.dir/build.make:97: set di istruzioni per l'obiettivo "cmTC_00f3d" non riuscito
make[1]: *** [cmTC_00f3d] Errore 1
make[1]: uscita dalla directory "/home/emanuele/ethz_ws/build/planning_msgs/CMakeFiles/CMakeTmp"
Makefile:126: set di istruzioni per l'obiettivo "cmTC_00f3d/fast" non riuscito
make: *** [cmTC_00f3d/fast] Errore 2

File /home/emanuele/ethz_ws/build/planning_msgs/CMakeFiles/CMakeTmp/CheckSymbolExists.c:
/* */
#include <pthread.h>

int main(int argc, char** argv)
{
  (void)argv;
#ifndef pthread_create
  return ((int*)(&pthread_create))[argc];
#else
  (void)argc;
  return 0;
#endif
}

Determining if the function pthread_create exists in the pthreads failed with the following output:
Change Dir: /home/emanuele/ethz_ws/build/planning_msgs/CMakeFiles/CMakeTmp

Run Build Command:"/usr/bin/make" "cmTC_79e96/fast"
/usr/bin/make -f CMakeFiles/cmTC_79e96.dir/build.make CMakeFiles/cmTC_79e96.dir/build
make[1]: ingresso nella directory "/home/emanuele/ethz_ws/build/planning_msgs/CMakeFiles/CMakeTmp"
Building C object CMakeFiles/cmTC_79e96.dir/CheckFunctionExists.c.o
/usr/bin/cc    -DCHECK_FUNCTION_EXISTS=pthread_create   -o CMakeFiles/cmTC_79e96.dir/CheckFunctionExists.c.o   -c /usr/share/cmake-3.5/Modules/CheckFunctionExists.c
Linking C executable cmTC_79e96
/usr/bin/cmake -E cmake_link_script CMakeFiles/cmTC_79e96.dir/link.txt --verbose=1
/usr/bin/cc   -DCHECK_FUNCTION_EXISTS=pthread_create    CMakeFiles/cmTC_79e96.dir/CheckFunctionExists.c.o  -o cmTC_79e96 -rdynamic -lpthreads 
/usr/bin/ld: impossibile trovare -lpthreads
collect2: error: ld returned 1 exit status
CMakeFiles/cmTC_79e96.dir/build.make:97: set di istruzioni per l'obiettivo "cmTC_79e96" non riuscito
make[1]: *** [cmTC_79e96] Errore 1
make[1]: uscita dalla directory "/home/emanuele/ethz_ws/build/planning_msgs/CMakeFiles/CMakeTmp"
Makefile:126: set di istruzioni per l'obiettivo "cmTC_79e96/fast" non riuscito
make: *** [cmTC_79e96/fast] Errore 2


