[01m[K/home/emanuele/ethz_ws/src/rotors_simulator/rotors_control/src/nodes/high_level_controller.cpp:[m[K In function ‘[01m[Kvoid StateMachine()[m[K’:
[01m[K/home/emanuele/ethz_ws/src/rotors_simulator/rotors_control/src/nodes/high_level_controller.cpp:301:3:[m[K [01;31m[Kerror: [m[Kreference to ‘[01m[Kcount[m[K’ is ambiguous
   count = 0 
[01;32m[K   ^[m[K
[01m[K/home/emanuele/ethz_ws/src/rotors_simulator/rotors_control/src/nodes/high_level_controller.cpp:84:5:[m[K [01;36m[Knote: [m[Kcandidates are: int count
 int count = 0;
[01;32m[K     ^[m[K
In file included from [01m[K/usr/include/c++/5/algorithm:62:0[m[K,
                 from [01m[K/usr/include/eigen3/Eigen/Core:232[m[K,
                 from [01m[K/home/emanuele/ethz_ws/src/rotors_simulator/rotors_control/src/nodes/high_level_controller.cpp:25[m[K:
[01m[K/usr/include/c++/5/bits/stl_algo.h:3959:5:[m[K [01;36m[Knote: [m[K                template<class _IIter, class _Tp> typename std::iterator_traits<_Iterator>::difference_type std::count(_IIter, _IIter, const _Tp&)
     count(_InputIterator __first, _InputIterator __last, const _Tp& __value)
[01;32m[K     ^[m[K
[01m[K/home/emanuele/ethz_ws/src/rotors_simulator/rotors_control/src/nodes/high_level_controller.cpp:320:3:[m[K [01;31m[Kerror: [m[Kreference to ‘[01m[Kcount[m[K’ is ambiguous
   count = 0
[01;32m[K   ^[m[K
[01m[K/home/emanuele/ethz_ws/src/rotors_simulator/rotors_control/src/nodes/high_level_controller.cpp:84:5:[m[K [01;36m[Knote: [m[Kcandidates are: int count
 int count = 0;
[01;32m[K     ^[m[K
In file included from [01m[K/usr/include/c++/5/algorithm:62:0[m[K,
                 from [01m[K/usr/include/eigen3/Eigen/Core:232[m[K,
                 from [01m[K/home/emanuele/ethz_ws/src/rotors_simulator/rotors_control/src/nodes/high_level_controller.cpp:25[m[K:
[01m[K/usr/include/c++/5/bits/stl_algo.h:3959:5:[m[K [01;36m[Knote: [m[K                template<class _IIter, class _Tp> typename std::iterator_traits<_Iterator>::difference_type std::count(_IIter, _IIter, const _Tp&)
     count(_InputIterator __first, _InputIterator __last, const _Tp& __value)
[01;32m[K     ^[m[K
[01m[K/home/emanuele/ethz_ws/src/rotors_simulator/rotors_control/src/nodes/high_level_controller.cpp:335:6:[m[K [01;31m[Kerror: [m[Kreference to ‘[01m[Kcount[m[K’ is ambiguous
   if(count < 3)
[01;32m[K      ^[m[K
[01m[K/home/emanuele/ethz_ws/src/rotors_simulator/rotors_control/src/nodes/high_level_controller.cpp:84:5:[m[K [01;36m[Knote: [m[Kcandidates are: int count
 int count = 0;
[01;32m[K     ^[m[K
In file included from [01m[K/usr/include/c++/5/algorithm:62:0[m[K,
                 from [01m[K/usr/include/eigen3/Eigen/Core:232[m[K,
                 from [01m[K/home/emanuele/ethz_ws/src/rotors_simulator/rotors_control/src/nodes/high_level_controller.cpp:25[m[K:
[01m[K/usr/include/c++/5/bits/stl_algo.h:3959:5:[m[K [01;36m[Knote: [m[K                template<class _IIter, class _Tp> typename std::iterator_traits<_Iterator>::difference_type std::count(_IIter, _IIter, const _Tp&)
     count(_InputIterator __first, _InputIterator __last, const _Tp& __value)
[01;32m[K     ^[m[K
[01m[K/home/emanuele/ethz_ws/src/rotors_simulator/rotors_control/src/nodes/high_level_controller.cpp:353:3:[m[K [01;31m[Kerror: [m[Kreference to ‘[01m[Kcount[m[K’ is ambiguous
   count = 0 
[01;32m[K   ^[m[K
[01m[K/home/emanuele/ethz_ws/src/rotors_simulator/rotors_control/src/nodes/high_level_controller.cpp:84:5:[m[K [01;36m[Knote: [m[Kcandidates are: int count
 int count = 0;
[01;32m[K     ^[m[K
In file included from [01m[K/usr/include/c++/5/algorithm:62:0[m[K,
                 from [01m[K/usr/include/eigen3/Eigen/Core:232[m[K,
                 from [01m[K/home/emanuele/ethz_ws/src/rotors_simulator/rotors_control/src/nodes/high_level_controller.cpp:25[m[K:
[01m[K/usr/include/c++/5/bits/stl_algo.h:3959:5:[m[K [01;36m[Knote: [m[K                template<class _IIter, class _Tp> typename std::iterator_traits<_Iterator>::difference_type std::count(_IIter, _IIter, const _Tp&)
     count(_InputIterator __first, _InputIterator __last, const _Tp& __value)
[01;32m[K     ^[m[K
make[2]: *** [CMakeFiles/high_level_controller.dir/src/nodes/high_level_controller.cpp.o] Errore 1
make[1]: *** [CMakeFiles/high_level_controller.dir/all] Errore 2
make: *** [all] Errore 2
