[01m[K/home/emanuele/ethz_ws/src/rotors_simulator/rotors_control/src/nodes/high_level_controller.cpp:[m[K In function ‘[01m[Kvoid filter_ft_sensor()[m[K’:
[01m[K/home/emanuele/ethz_ws/src/rotors_simulator/rotors_control/src/nodes/high_level_controller.cpp:136:2:[m[K [01;31m[Kerror: [m[Kexpected primary-expression before ‘[01m[K}[m[K’ token
  }
[01;32m[K  ^[m[K
[01m[K/home/emanuele/ethz_ws/src/rotors_simulator/rotors_control/src/nodes/high_level_controller.cpp:[m[K At global scope:
[01m[K/home/emanuele/ethz_ws/src/rotors_simulator/rotors_control/src/nodes/high_level_controller.cpp:137:3:[m[K [01;31m[Kerror: [m[Kexpected unqualified-id before ‘[01m[Kfor[m[K’
   for(i = 0; i < N; i++)
[01;32m[K   ^[m[K
[01m[K/home/emanuele/ethz_ws/src/rotors_simulator/rotors_control/src/nodes/high_level_controller.cpp:137:14:[m[K [01;31m[Kerror: [m[K‘[01m[Ki[m[K’ does not name a type
   for(i = 0; i < N; i++)
[01;32m[K              ^[m[K
[01m[K/home/emanuele/ethz_ws/src/rotors_simulator/rotors_control/src/nodes/high_level_controller.cpp:137:21:[m[K [01;31m[Kerror: [m[K‘[01m[Ki[m[K’ does not name a type
   for(i = 0; i < N; i++)
[01;32m[K                     ^[m[K
[01m[K/home/emanuele/ethz_ws/src/rotors_simulator/rotors_control/src/nodes/high_level_controller.cpp:155:3:[m[K [01;31m[Kerror: [m[K‘[01m[Kfirst_flag[m[K’ does not name a type
   first_flag = false;
[01;32m[K   ^[m[K
[01m[K/home/emanuele/ethz_ws/src/rotors_simulator/rotors_control/src/nodes/high_level_controller.cpp:156:2:[m[K [01;31m[Kerror: [m[Kexpected declaration before ‘[01m[K}[m[K’ token
  }
[01;32m[K  ^[m[K
make[2]: *** [CMakeFiles/high_level_controller.dir/src/nodes/high_level_controller.cpp.o] Errore 1
make[1]: *** [CMakeFiles/high_level_controller.dir/all] Errore 2
make: *** [all] Errore 2
