Determining if the pthread_create exist failed with the following output:
Change Dir: /home/emanuele/ethz_ws/build/rotors_description/CMakeFiles/CMakeTmp

Run Build Command:"/usr/bin/make" "cmTC_7ad27/fast"
/usr/bin/make -f CMakeFiles/cmTC_7ad27.dir/build.make CMakeFiles/cmTC_7ad27.dir/build
make[1]: ingresso nella directory "/home/emanuele/ethz_ws/build/rotors_description/CMakeFiles/CMakeTmp"
Building C object CMakeFiles/cmTC_7ad27.dir/CheckSymbolExists.c.o
/usr/bin/cc     -o CMakeFiles/cmTC_7ad27.dir/CheckSymbolExists.c.o   -c /home/emanuele/ethz_ws/build/rotors_description/CMakeFiles/CMakeTmp/CheckSymbolExists.c
Linking C executable cmTC_7ad27
/usr/bin/cmake -E cmake_link_script CMakeFiles/cmTC_7ad27.dir/link.txt --verbose=1
/usr/bin/cc       CMakeFiles/cmTC_7ad27.dir/CheckSymbolExists.c.o  -o cmTC_7ad27 -rdynamic 
CMakeFiles/cmTC_7ad27.dir/CheckSymbolExists.c.o: nella funzione "main":
CheckSymbolExists.c:(.text+0x16): riferimento non definito a "pthread_create"
collect2: error: ld returned 1 exit status
CMakeFiles/cmTC_7ad27.dir/build.make:97: set di istruzioni per l'obiettivo "cmTC_7ad27" non riuscito
make[1]: *** [cmTC_7ad27] Errore 1
make[1]: uscita dalla directory "/home/emanuele/ethz_ws/build/rotors_description/CMakeFiles/CMakeTmp"
Makefile:126: set di istruzioni per l'obiettivo "cmTC_7ad27/fast" non riuscito
make: *** [cmTC_7ad27/fast] Errore 2

File /home/emanuele/ethz_ws/build/rotors_description/CMakeFiles/CMakeTmp/CheckSymbolExists.c:
/* */
#include <pthread.h>

int main(int argc, char** argv)
{
  (void)argv;
#ifndef pthread_create
  return ((int*)(&pthread_create))[argc];
#else
  (void)argc;
  return 0;
#endif
}

Determining if the function pthread_create exists in the pthreads failed with the following output:
Change Dir: /home/emanuele/ethz_ws/build/rotors_description/CMakeFiles/CMakeTmp

Run Build Command:"/usr/bin/make" "cmTC_ed0f5/fast"
/usr/bin/make -f CMakeFiles/cmTC_ed0f5.dir/build.make CMakeFiles/cmTC_ed0f5.dir/build
make[1]: ingresso nella directory "/home/emanuele/ethz_ws/build/rotors_description/CMakeFiles/CMakeTmp"
Building C object CMakeFiles/cmTC_ed0f5.dir/CheckFunctionExists.c.o
/usr/bin/cc    -DCHECK_FUNCTION_EXISTS=pthread_create   -o CMakeFiles/cmTC_ed0f5.dir/CheckFunctionExists.c.o   -c /usr/share/cmake-3.5/Modules/CheckFunctionExists.c
Linking C executable cmTC_ed0f5
/usr/bin/cmake -E cmake_link_script CMakeFiles/cmTC_ed0f5.dir/link.txt --verbose=1
/usr/bin/cc   -DCHECK_FUNCTION_EXISTS=pthread_create    CMakeFiles/cmTC_ed0f5.dir/CheckFunctionExists.c.o  -o cmTC_ed0f5 -rdynamic -lpthreads 
/usr/bin/ld: impossibile trovare -lpthreads
collect2: error: ld returned 1 exit status
CMakeFiles/cmTC_ed0f5.dir/build.make:97: set di istruzioni per l'obiettivo "cmTC_ed0f5" non riuscito
make[1]: *** [cmTC_ed0f5] Errore 1
make[1]: uscita dalla directory "/home/emanuele/ethz_ws/build/rotors_description/CMakeFiles/CMakeTmp"
Makefile:126: set di istruzioni per l'obiettivo "cmTC_ed0f5/fast" non riuscito
make: *** [cmTC_ed0f5/fast] Errore 2


